 *********1*********2*********3*********4*********5*********6*********7*********8
 *2345678901234567890123456789012345678901234567890123456789012345678901234567890
 ********************************************************************************
 * Hydrodynamic Solver Unit System : U.S. Customary: lb, ft [pdl]
 ********************************************************************************
 *********************************** DECK  0 ************************************
 ********************************************************************************

 DATE:31/05/24      TIME:10:01:36    

 JOB AQWA  LIBR  STAT

 TITLE    BUOY ONLY NO ENVIRO LIBR                                                                                                                                                                                                                                                   

 NUM_CORES         3                                                                                                                                                                                                                                                                 

 OPTIONS REST LSTF PBIS NODL GOON                                                                                                                                                                                                                                                    

 OPTIONS CQTF AQTF END                                                                                                                                                                                                                                                               

 RESTART  4  5        NO_LOAD_10MOORS                                                                                                                                                                                                                                                
 **** INFORMATION **** LD_100MPH000WD_09MOORS.RES copied from no_load_10moors.RES


 Aqwa-Librium - Release 18.2       64BIT VERSION 18.2.00         

                                                                                 
 Point Releases and Patches installed:                                           
                                                                                 
 ANSYS, Inc. Products Release 18.2                                               
 ANSYS Mechanical Products Release 18.2                                          
 ANSYS Customization Files for User Programmable Features Release 18.2           
 ANSYS Autodyn Release 18.2                                                      
 ANSYS Aqwa Release 18.2                                                         
 ANSYS Viewer Release 18.2                                                       
 AutoCAD Release 18.2                                                            
 ACIS Release 18.2                                                               
 Parasolid Release 18.2                                                          
 ANSYS, Inc. License Manager Release 18.2                                        









                                          ***************************************************************
                                          *            ANSYS(R) Aqwa(TM) 18.2 LEGAL NOTICES             *
                                          ***************************************************************
                                          *                                                             *
                                          * COPYRIGHT AND TRADEMARK INFORMATION                         *
                                          *                                                             *
                                          * Copyright 2017 ANSYS, Inc. All rights reserved.             *
                                          * Unauthorized use, distribution or duplication is prohibited.*
                                          *                                                             *
                                          * See the Aqwa manuals for the complete Legal Notice.         *
                                          *                                                             *
                                          ***************************************************************



            JOB TITLE : O ENVIRO LIBR                                                                   
1
 *********************************** DECK  9 ************************************

     DECK  9.1
     ---------

 *********************************** DECK 10 ************************************
 ********************************************************************************
 ********************************************************************************

     DECK 10.1
     ---------

       DDEP    0    0-1.000E+01 0.000E+00 0.000E+00 0.000E+00 0.000E+00 0.000E+00

 ***Wind Surge Coefficients
       WIFX    1    1 8.841E+02 0.000E+00 0.000E+00 0.000E+00 0.000E+00 0.000E+00
       WIFX    2    2 6.251E+02 0.000E+00 0.000E+00 0.000E+00 0.000E+00 0.000E+00
       WIFX    3    3 0.000E+00 0.000E+00 0.000E+00 0.000E+00 0.000E+00 0.000E+00
       WIFX    4    4-2.288E+02 0.000E+00 0.000E+00 0.000E+00 0.000E+00 0.000E+00
       WIFX    5    5-4.420E+02 0.000E+00 0.000E+00 0.000E+00 0.000E+00 0.000E+00
       WIFX    6    6-6.251E+02 0.000E+00 0.000E+00 0.000E+00 0.000E+00 0.000E+00
       WIFX    7    7-7.566E+02 0.000E+00 0.000E+00 0.000E+00 0.000E+00 0.000E+00
       WIFX    8    8-8.539E+02 0.000E+00 0.000E+00 0.000E+00 0.000E+00 0.000E+00
       WIFX    9    9 8.841E+02 0.000E+00 0.000E+00 0.000E+00 0.000E+00 0.000E+00
       WIFX   10   10 8.539E+02 0.000E+00 0.000E+00 0.000E+00 0.000E+00 0.000E+00
       WIFX   11   11 7.566E+02 0.000E+00 0.000E+00 0.000E+00 0.000E+00 0.000E+00
       WIFX   12   12 6.251E+02 0.000E+00 0.000E+00 0.000E+00 0.000E+00 0.000E+00
       WIFX   13   13 4.420E+02 0.000E+00 0.000E+00 0.000E+00 0.000E+00 0.000E+00
       WIFX   14   14 2.288E+02 0.000E+00 0.000E+00 0.000E+00 0.000E+00 0.000E+00
       WIFX   15   15 0.000E+00 0.000E+00 0.000E+00 0.000E+00 0.000E+00 0.000E+00
       WIFX   16   16-6.256E+02 0.000E+00 0.000E+00 0.000E+00 0.000E+00 0.000E+00
       WIFX   17   17-8.841E+02 0.000E+00 0.000E+00 0.000E+00 0.000E+00 0.000E+00
 ***Wind Sway Coefficients
       WIFY    1    1 0.000E+00 0.000E+00 0.000E+00 0.000E+00 0.000E+00 0.000E+00
       WIFY    2    2 1.199E+03 0.000E+00 0.000E+00 0.000E+00 0.000E+00 0.000E+00
       WIFY    3    3 1.695E+03 0.000E+00 0.000E+00 0.000E+00 0.000E+00 0.000E+00
       WIFY    4    4-1.637E+03 0.000E+00 0.000E+00 0.000E+00 0.000E+00 0.000E+00
       WIFY    5    5-1.468E+03 0.000E+00 0.000E+00 0.000E+00 0.000E+00 0.000E+00
       WIFY    6    6-1.199E+03 0.000E+00 0.000E+00 0.000E+00 0.000E+00 0.000E+00
       WIFY    7    7-8.475E+02 0.000E+00 0.000E+00 0.000E+00 0.000E+00 0.000E+00
       WIFY    8    8-4.387E+02 0.000E+00 0.000E+00 0.000E+00 0.000E+00 0.000E+00
       WIFY    9    9 0.000E+00 0.000E+00 0.000E+00 0.000E+00 0.000E+00 0.000E+00
       WIFY   10   10 4.387E+02 0.000E+00 0.000E+00 0.000E+00 0.000E+00 0.000E+00
       WIFY   11   11 8.475E+02 0.000E+00 0.000E+00 0.000E+00 0.000E+00 0.000E+00
       WIFY   12   12 1.199E+03 0.000E+00 0.000E+00 0.000E+00 0.000E+00 0.000E+00
       WIFY   13   13 1.468E+03 0.000E+00 0.000E+00 0.000E+00 0.000E+00 0.000E+00
       WIFY   14   14 1.637E+03 0.000E+00 0.000E+00 0.000E+00 0.000E+00 0.000E+00
       WIFY   15   15 1.695E+03 0.000E+00 0.000E+00 0.000E+00 0.000E+00 0.000E+00
       WIFY   16   16-1.199E+03 0.000E+00 0.000E+00 0.000E+00 0.000E+00 0.000E+00
       WIFY   17   17 0.000E+00 0.000E+00 0.000E+00 0.000E+00 0.000E+00 0.000E+00
 END                                                                                                                                                                                                                                                                                
 ********************************************************************************
 ********************************************************************************
 ********************************************************************************
 ********************************************************************************
 *********************************** DECK 11 ************************************
 ********************************************************************************

     DECK 11
     -------

 *********************************** DECK 12 ************************************
 ********************************************************************************

     DECK 12
     -------

 ********************************************************************************
 *********************************** DECK 13 ************************************
 ********************************************************************************

     DECK 13
     -------

       SEED 1
     13WIND               44.70        0
 **** INFORMATION **** UNIFORM WIND SPEED IS USED
 END13                                                                                                                                                                                                                                                                              
 *********************************** DECK 14 ************************************
 ********************************************************************************

     DECK 14
     -------

 * Line 1
       COMP   15   40    0    1 2.000E+00 7.000E+00 0.000E+00 0.000E+00 0.000E+00
       ECAT    0    0    0    0 2.238E+00 1.963E-03 3.615E+06 1.232E+06 1.153E+01
       NCEL  100    0    0    0 0.000E+00 0.000E+00 0.000E+00 0.000E+00 0.000E+00
       NLIN    197002    096001 0.000E+00 0.000E+00 0.000E+00 0.000E+00 0.000E+00
 * Line 2
       COMP   15   40    0    1 2.000E+00 7.000E+00 0.000E+00 0.000E+00 0.000E+00
       ECAT    0    0    0    0 2.238E+00 1.963E-03 3.615E+06 1.232E+06 1.274E+01
       NCEL  100    0    0    0 0.000E+00 0.000E+00 0.000E+00 0.000E+00 0.000E+00
       NLIN    197003    096002 0.000E+00 0.000E+00 0.000E+00 0.000E+00 0.000E+00
 * Line 3
       COMP   15   40    0    1 2.000E+00 7.000E+00 0.000E+00 0.000E+00 0.000E+00
       ECAT    0    0    0    0 2.238E+00 1.963E-03 3.615E+06 1.232E+06 8.560E+00
       NCEL  100    0    0    0 0.000E+00 0.000E+00 0.000E+00 0.000E+00 0.000E+00
       NLIN    197004    096003 0.000E+00 0.000E+00 0.000E+00 0.000E+00 0.000E+00
 * Line 4
       COMP   15   40    0    1 2.000E+00 7.000E+00 0.000E+00 0.000E+00 0.000E+00
       ECAT    0    0    0    0 2.238E+00 1.963E-03 3.615E+06 1.232E+06 9.460E+00
       NCEL  100    0    0    0 0.000E+00 0.000E+00 0.000E+00 0.000E+00 0.000E+00
       NLIN    197005    096004 0.000E+00 0.000E+00 0.000E+00 0.000E+00 0.000E+00
 * Line 5
       COMP   15   40    0    1 2.000E+00 7.000E+00 0.000E+00 0.000E+00 0.000E+00
       ECAT    0    0    0    0 2.238E+00 1.963E-03 3.615E+06 1.232E+06 1.412E+01
       NCEL  100    0    0    0 0.000E+00 0.000E+00 0.000E+00 0.000E+00 0.000E+00
       NLIN    197006    096004 0.000E+00 0.000E+00 0.000E+00 0.000E+00 0.000E+00
 * Line 6
       COMP   15   40    0    1 2.000E+00 7.000E+00 0.000E+00 0.000E+00 0.000E+00
       ECAT    0    0    0    0 2.238E+00 1.963E-03 3.615E+00 1.232E+06 9.480E+00
       NCEL  100    0    0    0 0.000E+00 0.000E+00 0.000E+00 0.000E+00 0.000E+00
       NLIN    197006    096005 0.000E+00 0.000E+00 0.000E+00 0.000E+00 0.000E+00
 * Line 7
       COMP   15   40    0    1 2.000E+00 7.000E+00 0.000E+00 0.000E+00 0.000E+00
       ECAT    0    0    0    0 2.238E+00 1.963E-03 3.615E+06 1.232E+06 9.290E+00
       NCEL  100    0    0    0 0.000E+00 0.000E+00 0.000E+00 0.000E+00 0.000E+00
       NLIN    197007    096006 0.000E+00 0.000E+00 0.000E+00 0.000E+00 0.000E+00
 * Line 8
       COMP   15   40    0    1 2.000E+00 7.000E+00 0.000E+00 0.000E+00 0.000E+00
       ECAT    0    0    0    0 2.238E+00 1.963E-03 3.615E+06 1.232E+06 1.441E+01
       NCEL  100    0    0    0 0.000E+00 0.000E+00 0.000E+00 0.000E+00 0.000E+00
       NLIN    197008    096006 0.000E+00 0.000E+00 0.000E+00 0.000E+00 0.000E+00
 * Line 9
       COMP   15   40    0    1 2.000E+00 7.000E+00 0.000E+00 0.000E+00 0.000E+00
       ECAT    0    0    0    0 2.238E+00 1.963E-03 3.615E+06 1.232E+06 9.530E+00
       NCEL  100    0    0    0 0.000E+00 0.000E+00 0.000E+00 0.000E+00 0.000E+00
       NLIN    197008    096007 0.000E+00 0.000E+00 0.000E+00 0.000E+00 0.000E+00
 * Line 10
       COMP   15   40    0    1 2.000E+00 7.000E+00 0.000E+00 0.000E+00 0.000E+00
       ECAT    0    0    0    0 2.238E+00 1.963E-03 3.615E+06 1.232E+06 9.020E+00
       NCEL  100    0    0    0 0.000E+00 0.000E+00 0.000E+00 0.000E+00 0.000E+00
       NLIN    197009    096008 0.000E+00 0.000E+00 0.000E+00 0.000E+00 0.000E+00
 END                                                                                                                                                                                                                                                                                
 *********************************** DECK 15 ************************************
 ********************************************************************************

     DECK 15
     -------

 ********************************************************************************
 *********************************** DECK 16 ************************************
 ********************************************************************************

     DECK 16
     -------

       MXNI    0  500     0.000     0.000     0.000     0.000     0.000     0.000
 END                                                                                                                                                                                                                                                                                
 ********************************************************************************
 *********************************** DECK 17 ************************************
 ********************************************************************************

     DECK 17
     -------

       DRGM    1    0        1.        0.        0.        0.        0.        0.
       ADMM    1    0        1.        0.        0.        0.        0.        0.
       SLMM    1    0        0.        0.        0.        0.        0.        0.
 END                                                                                                                                                                                                                                                                                
 ********************************************************************************
 *********************************** DECK 18 ************************************
 ********************************************************************************

     DECK 18
     -------

       PRNT
           *****                                                                 
 **** INPUT DATA INFO   :LINE 151 STRUCTURE NUMBER NOT DEFINED. RESULTS WILL BE OUTPUT FOR ALL STRUCTURES.
       ALLM
       PMST
       PTEN
           *****                                                                 
 **** INPUT DATA INFO   :LINE 154 STRUCTURE NUMBER NOT DEFINED. MOORING TENSIONS WILL BE OUTPUT FOR ALL STRUCTURES.
       GREV    1
 END                                                                                                                                                                                                                                                                                
1
                           * * * * I T E R A T I O N   L I M I T S * * * *
                                   - - - - - - - - - - - - - - - - 



                               MAXIMUM NUMBER OF ITERATIONS . . .  500


          STRUCTURE                                   TRANSLATION                ROTATION(DEGREES)
           NUMBER                                X         Y         Z        RX        RY        RZ
          --------------------------------------------------------------------------------------------

              1     MAXIMUM MOVEMENT            2.00      2.00      0.50      0.57      0.57      1.43
                    FOR ONE ITERATION     

                    MAXIMUM ERROR IN FINAL    0.0200    0.0200    0.0200    0.0573    0.0573    0.1432
                    EQUILIBRIUM POSITION  

          --------------------------------------------------------------------------------------------

 *** ANALYSIS WARNING *** X RANGE BELOW MINIMUM FOR MOORING LINE NUMBER   6 ON 2D LOAD/EXT DATABASE  6
 
 
 
1
 JOB TITLE-O ENVIRO LIBR                                               
 -----------------------------------------------------------------------------------------------------------------------------
                                                                   D E G R E E   O F   F R E E D O M 
             STRUCTURE    POSITION,FORCES     
              NUMBER      AND MOMENTS AT              X            Y            Z             RX            RY            RZ

   ITER NO.              CENTRE OF GRAVITY         SURGE         SWAY        HEAVE           ROLL        PITCH          YAW

 -----------------------------------------------------------------------------------------------------------------------------
         1      1     POSITION                    56.3644      -0.0013       4.3000         0.0000       0.0000       0.0000
                      GRAVITY                    0.0000E+00   0.0000E+00  -1.5438E+08     0.0000E+00   0.0000E+00   0.0000E+00
                      HYDROSTATIC                0.0000E+00   0.0000E+00   1.5438E+08     2.0090E+05  -1.1257E+07   0.0000E+00
                      MORISON DRAG               0.0000E+00   0.0000E+00   0.0000E+00     0.0000E+00   0.0000E+00   0.0000E+00
                      SLENDER BODY               0.0000E+00   0.0000E+00   0.0000E+00     0.0000E+00   0.0000E+00   0.0000E+00
                      CURRENT DRAG               0.0000E+00   0.0000E+00   0.0000E+00     0.0000E+00   0.0000E+00   0.0000E+00
                      WIND                       1.7664E+06   0.0000E+00   0.0000E+00     0.0000E+00   0.0000E+00  -1.6923E+00
                      DRIFT                      0.0000E+00   0.0000E+00   0.0000E+00     0.0000E+00   0.0000E+00   0.0000E+00
                      MOORING                   -2.0227E+05  -5.7596E+05  -4.2379E+05     9.1698E+06   4.5760E+05  -5.2430E+06
                      THRUSTER                   0.0000E+00   0.0000E+00   0.0000E+00     0.0000E+00   0.0000E+00   0.0000E+00
                      EXTERNAL FORCE             0.0000E+00   0.0000E+00   0.0000E+00     0.0000E+00   0.0000E+00   0.0000E+00
                      TOTAL REACTION FORCE       0.0000E+00   0.0000E+00   0.0000E+00     0.0000E+00   0.0000E+00   0.0000E+00
                      TOTAL FORCE                1.5642E+06  -5.7596E+05  -4.2379E+05     9.3707E+06  -1.0800E+07  -5.2430E+06
                      ERROR PER TIMESTEP         0.0000E+00   0.0000E+00   0.0000E+00     0.0000E+00   0.0000E+00   0.0000E+00


                      FORCE LINE        1       -7.2893E+04  -6.2325E+04  -4.7731E+04   TEN 1.0713E+05 AL  4.77E+04 LL-21531.732
                      FORCE LINE        2       -7.7830E+04  -5.8069E+04  -4.2865E+04   TEN 1.0615E+05 AL  4.28E+04 LL-19334.578
                      FORCE LINE        3       -1.1062E+04  -8.2908E+04  -6.2900E+04   TEN 1.0465E+05 AL  6.29E+04 LL-28381.629
                      FORCE LINE        4        4.0817E+04  -8.2649E+04  -5.9341E+04   TEN 1.0963E+05 AL  5.93E+04 LL-26774.262
                      FORCE LINE        5       -8.4583E+04  -5.4481E+04  -3.9384E+04   TEN 1.0804E+05 AL  3.94E+04 LL-17761.809
                      FORCE LINE        6        7.5901E-07  -1.3886E-06  -3.0070E+00   TEN 3.0070E+00 AL  0.00E+00 LL     8.123
                      FORCE LINE        7        3.7078E+04  -8.2941E+04  -6.0013E+04   TEN 1.0888E+05 AL  6.00E+04 LL-27077.502
                      FORCE LINE        8       -8.4912E+04  -5.2359E+04  -3.8164E+04   TEN 1.0681E+05 AL  3.81E+04 LL-17210.822
                      FORCE LINE        9        4.3238E+04  -7.9051E+04  -5.7447E+04   TEN 1.0686E+05 AL  5.74E+04 LL-25919.105
                      FORCE LINE       10        7.8755E+03  -2.1175E+04  -1.5940E+04   TEN 2.7649E+04 AL  1.59E+04 LL -7185.345

 *** ANALYSIS WARNING *** X RANGE BELOW MINIMUM FOR MOORING LINE NUMBER   6 ON 2D LOAD/EXT DATABASE  6
 
 
 
1
 JOB TITLE-O ENVIRO LIBR                                               
 -----------------------------------------------------------------------------------------------------------------------------
                                                                   D E G R E E   O F   F R E E D O M 
             STRUCTURE    POSITION,FORCES     
              NUMBER      AND MOMENTS AT              X            Y            Z             RX            RY            RZ

   ITER NO.              CENTRE OF GRAVITY         SURGE         SWAY        HEAVE           ROLL        PITCH          YAW

 -----------------------------------------------------------------------------------------------------------------------------
         2      1     POSITION                    58.2298      -0.4724       4.2993         0.0076      -0.0529      -0.0209
                      GRAVITY                    0.0000E+00   0.0000E+00  -1.5438E+08     0.0000E+00   0.0000E+00   0.0000E+00
                      HYDROSTATIC                0.0000E+00   0.0000E+00   1.5440E+08    -5.5541E+05   2.8841E+07   0.0000E+00
                      MORISON DRAG               0.0000E+00   0.0000E+00   0.0000E+00     0.0000E+00   0.0000E+00   0.0000E+00
                      SLENDER BODY               0.0000E+00   0.0000E+00   0.0000E+00     0.0000E+00   0.0000E+00   0.0000E+00
                      CURRENT DRAG               0.0000E+00   0.0000E+00   0.0000E+00     0.0000E+00   0.0000E+00   0.0000E+00
                      WIND                       1.7664E+06   5.7647E+02   0.0000E+00     0.0000E+00   0.0000E+00   7.6221E-03
                      DRIFT                      0.0000E+00   0.0000E+00   0.0000E+00     0.0000E+00   0.0000E+00   0.0000E+00
                      MOORING                   -1.4659E+06  -8.8700E+05  -7.0326E+05     1.5131E+07  -1.1462E+07  -1.7424E+07
                      THRUSTER                   0.0000E+00   0.0000E+00   0.0000E+00     0.0000E+00   0.0000E+00   0.0000E+00
                      EXTERNAL FORCE             0.0000E+00   0.0000E+00   0.0000E+00     0.0000E+00   0.0000E+00   0.0000E+00
                      TOTAL REACTION FORCE       0.0000E+00   0.0000E+00   0.0000E+00     0.0000E+00   0.0000E+00   0.0000E+00
                      TOTAL FORCE                3.0043E+05  -8.8642E+05  -6.7525E+05     1.4576E+07   1.7379E+07  -1.7424E+07
                      ERROR PER TIMESTEP         9.3269E+01  -2.3556E+01  -3.5720E-02     1.3334E-01  -9.2275E-01  -1.4565E-01


                      FORCE LINE        1       -3.4164E+05  -2.2189E+05  -1.8065E+05   TEN 4.4564E+05 AL  1.81E+05 LL-81526.734
                      FORCE LINE        2       -3.5380E+05  -2.0712E+05  -1.6247E+05   TEN 4.4099E+05 AL  1.62E+05 LL-73317.367
                      FORCE LINE        3       -3.6205E+04  -8.4510E+04  -6.8269E+04   TEN 1.1451E+05 AL  6.83E+04 LL-30804.955
                      FORCE LINE        4        4.9597E+01  -1.9302E+02  -1.4478E+02   TEN 2.4633E+02 AL  1.24E+02 LL   -55.889
                      FORCE LINE        5       -3.6545E+05  -1.8927E+05  -1.4675E+05   TEN 4.3693E+05 AL  1.47E+05 LL-66220.992
                      FORCE LINE        6        0.0000E+00   0.0000E+00  -3.0096E+00   TEN 3.0096E+00 AL  0.00E+00 LL     8.122
                      FORCE LINE        7        4.2776E+01  -2.0852E+02  -1.5916E+02   TEN 2.6578E+02 AL  1.39E+02 LL   -62.545
                      FORCE LINE        8       -3.6900E+05  -1.8345E+05  -1.4454E+05   TEN 4.3670E+05 AL  1.45E+05 LL-65222.246
                      FORCE LINE        9        5.5823E+01  -1.7930E+02  -1.3786E+02   TEN 2.3296E+02 AL  1.17E+02 LL   -52.695
                      FORCE LINE       10        2.0059E+01  -1.8058E+02  -1.4497E+02   TEN 2.3244E+02 AL  1.25E+02 LL   -56.412

 *** ANALYSIS WARNING *** STIFFNESS ASYMMETRY GREATER THAN 10 PER CENT FOR LINE NUMBER   3 ON 2D LOAD/EXT DATABASE  3

 *** ANALYSIS WARNING *** X RANGE BELOW MINIMUM FOR MOORING LINE NUMBER   6 ON 2D LOAD/EXT DATABASE  6

 *** ANALYSIS WARNING *** STIFFNESS ASYMMETRY GREATER THAN 10 PER CENT FOR LINE NUMBER   7 ON 2D LOAD/EXT DATABASE  7

 *** ANALYSIS WARNING *** STIFFNESS ASYMMETRY GREATER THAN 10 PER CENT FOR LINE NUMBER   9 ON 2D LOAD/EXT DATABASE  9

 *** ANALYSIS WARNING *** X RANGE BELOW MINIMUM FOR MOORING LINE NUMBER  10 ON 2D LOAD/EXT DATABASE 10
 
 
 
1
 JOB TITLE-O ENVIRO LIBR                                               
 -----------------------------------------------------------------------------------------------------------------------------
                                                                   D E G R E E   O F   F R E E D O M 
             STRUCTURE    POSITION,FORCES     
              NUMBER      AND MOMENTS AT              X            Y            Z             RX            RY            RZ

   ITER NO.              CENTRE OF GRAVITY         SURGE         SWAY        HEAVE           ROLL        PITCH          YAW

 -----------------------------------------------------------------------------------------------------------------------------
         3      1     POSITION                    59.5086      -1.7410       4.2959         0.0441      -0.0539      -1.4533
                      GRAVITY                    0.0000E+00   0.0000E+00  -1.5438E+08     0.0000E+00   0.0000E+00   0.0000E+00
                      HYDROSTATIC                0.0000E+00   0.0000E+00   1.5456E+08    -3.4680E+06   2.9672E+07   0.0000E+00
                      MORISON DRAG               0.0000E+00   0.0000E+00   0.0000E+00     0.0000E+00   0.0000E+00   0.0000E+00
                      SLENDER BODY               0.0000E+00   0.0000E+00   0.0000E+00     0.0000E+00   0.0000E+00   0.0000E+00
                      CURRENT DRAG               0.0000E+00   0.0000E+00   0.0000E+00     0.0000E+00   0.0000E+00   0.0000E+00
                      WIND                       1.7622E+06   4.0248E+04   0.0000E+00     0.0000E+00   0.0000E+00   0.0000E+00
                      DRIFT                      0.0000E+00   0.0000E+00   0.0000E+00     0.0000E+00   0.0000E+00   0.0000E+00
                      MOORING                   -1.7588E+06  -8.3394E+05  -7.4630E+05     1.5570E+07  -1.6375E+07  -1.4723E+07
                      THRUSTER                   0.0000E+00   0.0000E+00   0.0000E+00     0.0000E+00   0.0000E+00   0.0000E+00
                      EXTERNAL FORCE             0.0000E+00   0.0000E+00   0.0000E+00     0.0000E+00   0.0000E+00   0.0000E+00
                      TOTAL REACTION FORCE       0.0000E+00   0.0000E+00   0.0000E+00     0.0000E+00   0.0000E+00   0.0000E+00
                      TOTAL FORCE                3.3554E+03  -7.9369E+05  -5.6450E+05     1.2101E+07   1.3296E+07  -1.4723E+07
                      ERROR PER TIMESTEP         2.8107E+02  -2.7882E+02  -7.4158E-01     2.7952E+00  -1.1188E-01  -4.3958E+01


                      FORCE LINE        1       -5.0473E+05  -3.0470E+05  -2.4655E+05   TEN 6.3904E+05 AL  2.47E+05 LL**********
                      FORCE LINE        2       -4.8305E+05  -2.5320E+05  -2.0695E+05   TEN 5.8333E+05 AL  2.07E+05 LL-93395.516
                      FORCE LINE        3       -3.7615E+03  -6.0295E+03  -5.5027E+03   TEN 8.9880E+03 AL  5.48E+03 LL -2475.096
                      FORCE LINE        4        7.6285E+00  -4.4409E+01  -4.1503E+01   TEN 6.1260E+01 AL  2.05E+01 LL    -9.272
                      FORCE LINE        5       -4.0373E+05  -1.5499E+05  -1.5271E+05   TEN 4.5863E+05 AL  1.53E+05 LL-68911.078
                      FORCE LINE        6        0.0000E+00   0.0000E+00  -3.0004E+00   TEN 3.0004E+00 AL  0.00E+00 LL     8.126
                      FORCE LINE        7        1.7817E+00  -1.3990E+01  -2.1370E+01   TEN 2.5604E+01 AL  7.88E-01 LL    -0.355
                      FORCE LINE        8       -3.6358E+05  -1.1496E+05  -1.3449E+05   TEN 4.0435E+05 AL  1.34E+05 LL-60686.961
                      FORCE LINE        9        9.2472E-01  -3.1146E+00  -1.3907E+01   TEN 1.4282E+01 AL  0.00E+00 LL     3.253
                      FORCE LINE       10       -9.3207E-04  -8.5548E-02  -1.1877E+01   TEN 1.1877E+01 AL  0.00E+00 LL     3.659

 *** ANALYSIS WARNING *** STIFFNESS ASYMMETRY GREATER THAN 10 PER CENT FOR LINE NUMBER   4 ON 2D LOAD/EXT DATABASE  4

 *** ANALYSIS WARNING *** X RANGE BELOW MINIMUM FOR MOORING LINE NUMBER   6 ON 2D LOAD/EXT DATABASE  6

 *** ANALYSIS WARNING *** X RANGE BELOW MINIMUM FOR MOORING LINE NUMBER   7 ON 2D LOAD/EXT DATABASE  7

 *** ANALYSIS WARNING *** X RANGE BELOW MINIMUM FOR MOORING LINE NUMBER   9 ON 2D LOAD/EXT DATABASE  9

 *** ANALYSIS WARNING *** X RANGE BELOW MINIMUM FOR MOORING LINE NUMBER  10 ON 2D LOAD/EXT DATABASE 10
 
 
 
1
 JOB TITLE-O ENVIRO LIBR                                               
 -----------------------------------------------------------------------------------------------------------------------------
                                                                   D E G R E E   O F   F R E E D O M 
             STRUCTURE    POSITION,FORCES     
              NUMBER      AND MOMENTS AT              X            Y            Z             RX            RY            RZ

   ITER NO.              CENTRE OF GRAVITY         SURGE         SWAY        HEAVE           ROLL        PITCH          YAW

 -----------------------------------------------------------------------------------------------------------------------------
         4      1     POSITION                    60.4082      -3.0816       4.2938         0.0662      -0.0495      -2.8857
                      GRAVITY                    0.0000E+00   0.0000E+00  -1.5438E+08     0.0000E+00   0.0000E+00   0.0000E+00
                      HYDROSTATIC                0.0000E+00   0.0000E+00   1.5465E+08    -5.0997E+06   2.6559E+07   0.0000E+00
                      MORISON DRAG               0.0000E+00   0.0000E+00   0.0000E+00     0.0000E+00   0.0000E+00   0.0000E+00
                      SLENDER BODY               0.0000E+00   0.0000E+00   0.0000E+00     0.0000E+00   0.0000E+00   0.0000E+00
                      CURRENT DRAG               0.0000E+00   0.0000E+00   0.0000E+00     0.0000E+00   0.0000E+00   0.0000E+00
                      WIND                       1.7611E+06   8.0076E+04   0.0000E+00     0.0000E+00   0.0000E+00   9.7563E-01
                      DRIFT                      0.0000E+00   0.0000E+00   0.0000E+00     0.0000E+00   0.0000E+00   0.0000E+00
                      MOORING                   -1.8701E+06  -7.6063E+05  -7.7018E+05     1.5457E+07  -1.9707E+07  -1.0496E+07
                      THRUSTER                   0.0000E+00   0.0000E+00   0.0000E+00     0.0000E+00   0.0000E+00   0.0000E+00
                      EXTERNAL FORCE             0.0000E+00   0.0000E+00   0.0000E+00     0.0000E+00   0.0000E+00   0.0000E+00
                      TOTAL REACTION FORCE       0.0000E+00   0.0000E+00   0.0000E+00     0.0000E+00   0.0000E+00   0.0000E+00
                      TOTAL FORCE               -1.0895E+05  -6.8055E+05  -4.9350E+05     1.0358E+07   6.8519E+06  -1.0496E+07
                      ERROR PER TIMESTEP         1.2931E+02  -1.9270E+02  -2.9782E-01     1.1141E+00   1.7609E-01  -2.8749E+01


                      FORCE LINE        1       -5.9634E+05  -3.4369E+05  -2.7950E+05   TEN 7.4287E+05 AL  2.79E+05 LL**********
                      FORCE LINE        2       -5.4334E+05  -2.6011E+05  -2.2464E+05   TEN 6.4291E+05 AL  2.25E+05 LL**********
                      FORCE LINE        3       -1.5429E+02  -1.8876E+02  -1.9523E+02   TEN 3.1233E+02 AL  1.76E+02 LL   -79.557
                      FORCE LINE        4        2.8468E-01  -2.2171E+00  -1.3088E+01   TEN 1.3277E+01 AL  0.00E+00 LL     3.553
                      FORCE LINE        5       -3.9294E+05  -1.0484E+05  -1.4436E+05   TEN 4.3154E+05 AL  1.44E+05 LL-65142.109
                      FORCE LINE        6        0.0000E+00   0.0000E+00  -2.9945E+00   TEN 2.9945E+00 AL  0.00E+00 LL     8.128
                      FORCE LINE        7        0.0000E+00   0.0000E+00  -1.1722E+01   TEN 1.1722E+01 AL  0.00E+00 LL     3.999
                      FORCE LINE        8       -3.3731E+05  -5.1803E+04  -1.2144E+05   TEN 3.6223E+05 AL  1.21E+05 LL-54795.590
                      FORCE LINE        9        0.0000E+00   0.0000E+00  -1.1751E+01   TEN 1.1751E+01 AL  0.00E+00 LL     4.226
                      FORCE LINE       10        0.0000E+00   0.0000E+00  -1.1783E+01   TEN 1.1783E+01 AL  0.00E+00 LL     3.702

 *** ANALYSIS WARNING *** X RANGE BELOW MINIMUM FOR MOORING LINE NUMBER   4 ON 2D LOAD/EXT DATABASE  4

 *** ANALYSIS WARNING *** X RANGE BELOW MINIMUM FOR MOORING LINE NUMBER   6 ON 2D LOAD/EXT DATABASE  6

 *** ANALYSIS WARNING *** X RANGE BELOW MINIMUM FOR MOORING LINE NUMBER   7 ON 2D LOAD/EXT DATABASE  7

 *** ANALYSIS WARNING *** X RANGE BELOW MINIMUM FOR MOORING LINE NUMBER   9 ON 2D LOAD/EXT DATABASE  9

 *** ANALYSIS WARNING *** X RANGE BELOW MINIMUM FOR MOORING LINE NUMBER  10 ON 2D LOAD/EXT DATABASE 10
 
 
 
1
 JOB TITLE-O ENVIRO LIBR                                               
 -----------------------------------------------------------------------------------------------------------------------------
                                                                   D E G R E E   O F   F R E E D O M 
             STRUCTURE    POSITION,FORCES     
              NUMBER      AND MOMENTS AT              X            Y            Z             RX            RY            RZ

   ITER NO.              CENTRE OF GRAVITY         SURGE         SWAY        HEAVE           ROLL        PITCH          YAW

 -----------------------------------------------------------------------------------------------------------------------------
         5      1     POSITION                    61.1449      -4.6973       4.2906         0.0966      -0.0474      -4.3181
                      GRAVITY                    0.0000E+00   0.0000E+00  -1.5438E+08     0.0000E+00   0.0000E+00   0.0000E+00
                      HYDROSTATIC                0.0000E+00   0.0000E+00   1.5480E+08    -7.6013E+06   2.5293E+07   0.0000E+00
                      MORISON DRAG               0.0000E+00   0.0000E+00   0.0000E+00     0.0000E+00   0.0000E+00   0.0000E+00
                      SLENDER BODY               0.0000E+00   0.0000E+00   0.0000E+00     0.0000E+00   0.0000E+00   0.0000E+00
                      CURRENT DRAG               0.0000E+00   0.0000E+00   0.0000E+00     0.0000E+00   0.0000E+00   0.0000E+00
                      WIND                       1.7631E+06   1.1993E+05   0.0000E+00     0.0000E+00   0.0000E+00   0.0000E+00
                      DRIFT                      0.0000E+00   0.0000E+00   0.0000E+00     0.0000E+00   0.0000E+00   0.0000E+00
                      MOORING                   -1.9033E+06  -6.1989E+05  -7.6834E+05     1.4774E+07  -2.0732E+07  -8.3575E+06
                      THRUSTER                   0.0000E+00   0.0000E+00   0.0000E+00     0.0000E+00   0.0000E+00   0.0000E+00
                      EXTERNAL FORCE             0.0000E+00   0.0000E+00   0.0000E+00     0.0000E+00   0.0000E+00   0.0000E+00
                      TOTAL REACTION FORCE       0.0000E+00   0.0000E+00   0.0000E+00     0.0000E+00   0.0000E+00   0.0000E+00
                      TOTAL FORCE               -1.4010E+05  -4.9996E+05  -3.4363E+05     7.1731E+06   4.5610E+06  -8.3575E+06
                      ERROR PER TIMESTEP         1.0187E+02  -2.2342E+02  -4.4823E-01     1.4741E+00   9.6112E-03  -2.7656E+01


                      FORCE LINE        1       -6.3672E+05  -3.4019E+05  -2.8965E+05   TEN 7.7785E+05 AL  2.90E+05 LL**********
                      FORCE LINE        2       -5.5768E+05  -2.3455E+05  -2.2483E+05   TEN 6.4542E+05 AL  2.25E+05 LL**********
                      FORCE LINE        3       -8.8889E+01  -7.8694E+01  -1.0182E+02   TEN 1.5640E+02 AL  8.29E+01 LL   -37.395
                      FORCE LINE        4        0.0000E+00   0.0000E+00  -1.1634E+01   TEN 1.1634E+01 AL  0.00E+00 LL     4.209
                      FORCE LINE        5       -3.6879E+05  -5.1495E+04  -1.3308E+05   TEN 3.9543E+05 AL  1.33E+05 LL-60053.824
                      FORCE LINE        6        0.0000E+00   0.0000E+00  -2.9863E+00   TEN 2.9863E+00 AL  0.00E+00 LL     8.132
                      FORCE LINE        7        0.0000E+00   0.0000E+00  -1.1689E+01   TEN 1.1689E+01 AL  0.00E+00 LL     4.014
                      FORCE LINE        8       -3.3997E+05   6.4219E+03  -1.2062E+05   TEN 3.6080E+05 AL  1.21E+05 LL-54428.117
                      FORCE LINE        9        0.0000E+00   0.0000E+00  -1.1717E+01   TEN 1.1717E+01 AL  0.00E+00 LL     4.242
                      FORCE LINE       10        0.0000E+00   0.0000E+00  -1.1748E+01   TEN 1.1748E+01 AL  0.00E+00 LL     3.718

 *** ANALYSIS WARNING *** X RANGE BELOW MINIMUM FOR MOORING LINE NUMBER   4 ON 2D LOAD/EXT DATABASE  4

 *** ANALYSIS WARNING *** X RANGE BELOW MINIMUM FOR MOORING LINE NUMBER   6 ON 2D LOAD/EXT DATABASE  6

 *** ANALYSIS WARNING *** X RANGE BELOW MINIMUM FOR MOORING LINE NUMBER   7 ON 2D LOAD/EXT DATABASE  7

 *** ANALYSIS WARNING *** X RANGE BELOW MINIMUM FOR MOORING LINE NUMBER   9 ON 2D LOAD/EXT DATABASE  9

 *** ANALYSIS WARNING *** STIFFNESS ASYMMETRY GREATER THAN 10 PER CENT FOR LINE NUMBER  10 ON 2D LOAD/EXT DATABASE 10
 
 
 
1
 JOB TITLE-O ENVIRO LIBR                                               
 -----------------------------------------------------------------------------------------------------------------------------
                                                                   D E G R E E   O F   F R E E D O M 
             STRUCTURE    POSITION,FORCES     
              NUMBER      AND MOMENTS AT              X            Y            Z             RX            RY            RZ

   ITER NO.              CENTRE OF GRAVITY         SURGE         SWAY        HEAVE           ROLL        PITCH          YAW

 -----------------------------------------------------------------------------------------------------------------------------
         6      1     POSITION                    61.6562      -6.1368       4.2880         0.1207      -0.0444      -5.7505
                      GRAVITY                    0.0000E+00   0.0000E+00  -1.5438E+08     0.0000E+00   0.0000E+00   0.0000E+00
                      HYDROSTATIC                0.0000E+00   0.0000E+00   1.5492E+08    -9.5970E+06   2.3458E+07   0.0000E+00
                      MORISON DRAG               0.0000E+00   0.0000E+00   0.0000E+00     0.0000E+00   0.0000E+00   0.0000E+00
                      SLENDER BODY               0.0000E+00   0.0000E+00   0.0000E+00     0.0000E+00   0.0000E+00   0.0000E+00
                      CURRENT DRAG               0.0000E+00   0.0000E+00   0.0000E+00     0.0000E+00   0.0000E+00   0.0000E+00
                      WIND                       1.7683E+06   1.5968E+05   0.0000E+00     0.0000E+00   0.0000E+00   0.0000E+00
                      DRIFT                      0.0000E+00   0.0000E+00   0.0000E+00     0.0000E+00   0.0000E+00   0.0000E+00
                      MOORING                   -1.9039E+06  -4.9346E+05  -7.6406E+05     1.4120E+07  -2.0704E+07  -5.7793E+06
                      THRUSTER                   0.0000E+00   0.0000E+00   0.0000E+00     0.0000E+00   0.0000E+00   0.0000E+00
                      EXTERNAL FORCE             0.0000E+00   0.0000E+00   0.0000E+00     0.0000E+00   0.0000E+00   0.0000E+00
                      TOTAL REACTION FORCE       0.0000E+00   0.0000E+00   0.0000E+00     0.0000E+00   0.0000E+00   0.0000E+00
                      TOTAL FORCE               -1.3562E+05  -3.3378E+05  -2.1835E+05     4.5234E+06   2.7541E+06  -5.7793E+06
                      ERROR PER TIMESTEP         5.9280E+01  -1.6690E+02  -3.0695E-01     9.8193E-01   3.4362E-02  -2.3189E+01


                      FORCE LINE        1       -6.5273E+05  -3.3861E+05  -2.9341E+05   TEN 7.9171E+05 AL  2.93E+05 LL**********
                      FORCE LINE        2       -5.4619E+05  -2.1024E+05  -2.1823E+05   TEN 6.2462E+05 AL  2.18E+05 LL-98484.000
                      FORCE LINE        3       -5.0599E+01  -3.3365E+01  -5.7365E+01   TEN 8.3452E+01 AL  3.84E+01 LL   -17.332
                      FORCE LINE        4        0.0000E+00   0.0000E+00  -1.1610E+01   TEN 1.1610E+01 AL  0.00E+00 LL     4.220
                      FORCE LINE        5       -3.3738E+05  -9.9240E+03  -1.2155E+05   TEN 3.5875E+05 AL  1.22E+05 LL-54849.473
                      FORCE LINE        6        0.0000E+00   0.0000E+00  -2.9797E+00   TEN 2.9797E+00 AL  0.00E+00 LL     8.135
                      FORCE LINE        7        0.0000E+00   0.0000E+00  -1.1662E+01   TEN 1.1662E+01 AL  0.00E+00 LL     4.026
                      FORCE LINE        8       -3.6753E+05   6.5335E+04  -1.3075E+05   TEN 3.9553E+05 AL  1.31E+05 LL-58999.945
                      FORCE LINE        9        0.0000E+00   0.0000E+00  -1.1688E+01   TEN 1.1688E+01 AL  0.00E+00 LL     4.255
                      FORCE LINE       10       -1.2170E+00   1.3946E+01  -2.1611E+01   TEN 2.5749E+01 AL  1.63E+00 LL    -0.734

 *** ANALYSIS WARNING *** X RANGE BELOW MINIMUM FOR MOORING LINE NUMBER   4 ON 2D LOAD/EXT DATABASE  4

 *** ANALYSIS WARNING *** X RANGE BELOW MINIMUM FOR MOORING LINE NUMBER   6 ON 2D LOAD/EXT DATABASE  6

 *** ANALYSIS WARNING *** X RANGE BELOW MINIMUM FOR MOORING LINE NUMBER   7 ON 2D LOAD/EXT DATABASE  7

 *** ANALYSIS WARNING *** STIFFNESS ASYMMETRY GREATER THAN 10 PER CENT FOR LINE NUMBER   9 ON 2D LOAD/EXT DATABASE  9

 *** ANALYSIS WARNING *** STIFFNESS ASYMMETRY GREATER THAN 10 PER CENT FOR LINE NUMBER  10 ON 2D LOAD/EXT DATABASE 10
 
 
 
1
 JOB TITLE-O ENVIRO LIBR                                               
 -----------------------------------------------------------------------------------------------------------------------------
                                                                   D E G R E E   O F   F R E E D O M 
             STRUCTURE    POSITION,FORCES     
              NUMBER      AND MOMENTS AT              X            Y            Z             RX            RY            RZ

   ITER NO.              CENTRE OF GRAVITY         SURGE         SWAY        HEAVE           ROLL        PITCH          YAW

 -----------------------------------------------------------------------------------------------------------------------------
         7      1     POSITION                    61.9935      -7.4804       4.2855         0.1417      -0.0402      -7.1830
                      GRAVITY                    0.0000E+00   0.0000E+00  -1.5438E+08     0.0000E+00   0.0000E+00   0.0000E+00
                      HYDROSTATIC                0.0000E+00   0.0000E+00   1.5503E+08    -1.1492E+07   2.0777E+07   0.0000E+00
                      MORISON DRAG               0.0000E+00   0.0000E+00   0.0000E+00     0.0000E+00   0.0000E+00   0.0000E+00
                      SLENDER BODY               0.0000E+00   0.0000E+00   0.0000E+00     0.0000E+00   0.0000E+00   0.0000E+00
                      CURRENT DRAG               0.0000E+00   0.0000E+00   0.0000E+00     0.0000E+00   0.0000E+00   0.0000E+00
                      WIND                       1.7765E+06   1.9920E+05   0.0000E+00     0.0000E+00   0.0000E+00   0.0000E+00
                      DRIFT                      0.0000E+00   0.0000E+00   0.0000E+00     0.0000E+00   0.0000E+00   0.0000E+00
                      MOORING                   -1.8719E+06  -3.4226E+05  -7.6589E+05     1.3776E+07  -1.9075E+07  -1.8753E+06
                      THRUSTER                   0.0000E+00   0.0000E+00   0.0000E+00     0.0000E+00   0.0000E+00   0.0000E+00
                      EXTERNAL FORCE             0.0000E+00   0.0000E+00   0.0000E+00     0.0000E+00   0.0000E+00   0.0000E+00
                      TOTAL REACTION FORCE       0.0000E+00   0.0000E+00   0.0000E+00     0.0000E+00   0.0000E+00   0.0000E+00
                      TOTAL FORCE               -9.5424E+04  -1.4306E+05  -1.0933E+05     2.2848E+06   1.7017E+06  -1.8753E+06
                      ERROR PER TIMESTEP         2.6337E+01  -1.0491E+02  -1.8914E-01     5.8034E-01   4.9517E-02  -1.5616E+01


                      FORCE LINE        1       -6.4621E+05  -3.3526E+05  -2.9069E+05   TEN 7.8389E+05 AL  2.91E+05 LL**********
                      FORCE LINE        2       -5.1023E+05  -1.8465E+05  -2.0446E+05   TEN 5.7986E+05 AL  2.04E+05 LL-92268.609
                      FORCE LINE        3       -2.4735E+01  -1.1900E+01  -3.2113E+01   TEN 4.2245E+01 AL  1.31E+01 LL    -5.934
                      FORCE LINE        4        0.0000E+00   0.0000E+00  -1.1589E+01   TEN 1.1589E+01 AL  0.00E+00 LL     4.229
                      FORCE LINE        5       -2.9993E+05   2.2322E+04  -1.0924E+05   TEN 3.1998E+05 AL  1.09E+05 LL-49290.285
                      FORCE LINE        6        0.0000E+00   0.0000E+00  -2.9738E+00   TEN 2.9738E+00 AL  0.00E+00 LL     8.138
                      FORCE LINE        7        0.0000E+00   0.0000E+00  -1.1636E+01   TEN 1.1636E+01 AL  0.00E+00 LL     4.038
                      FORCE LINE        8       -4.1531E+05   1.3925E+05  -1.5017E+05   TEN 4.6305E+05 AL  1.50E+05 LL-67763.133
                      FORCE LINE        9        1.9328E+00   8.1170E+00  -1.7010E+01   TEN 1.8946E+01 AL  0.00E+00 LL     1.852
                      FORCE LINE       10       -1.8901E+02   1.6078E+04  -1.1265E+04   TEN 1.9633E+04 AL  1.12E+04 LL -5075.329

 *** ANALYSIS WARNING *** X RANGE BELOW MINIMUM FOR MOORING LINE NUMBER   4 ON 2D LOAD/EXT DATABASE  4

 *** ANALYSIS WARNING *** X RANGE BELOW MINIMUM FOR MOORING LINE NUMBER   6 ON 2D LOAD/EXT DATABASE  6

 *** ANALYSIS WARNING *** X RANGE BELOW MINIMUM FOR MOORING LINE NUMBER   7 ON 2D LOAD/EXT DATABASE  7

 *** ANALYSIS WARNING *** STIFFNESS ASYMMETRY GREATER THAN 10 PER CENT FOR LINE NUMBER   9 ON 2D LOAD/EXT DATABASE  9
 
 
 
1
 JOB TITLE-O ENVIRO LIBR                                               
 -----------------------------------------------------------------------------------------------------------------------------
                                                                   D E G R E E   O F   F R E E D O M 
             STRUCTURE    POSITION,FORCES     
              NUMBER      AND MOMENTS AT              X            Y            Z             RX            RY            RZ

   ITER NO.              CENTRE OF GRAVITY         SURGE         SWAY        HEAVE           ROLL        PITCH          YAW

 -----------------------------------------------------------------------------------------------------------------------------
         8      1     POSITION                    61.9142      -7.7861       4.2829         0.1626      -0.0320      -7.1599
                      GRAVITY                    0.0000E+00   0.0000E+00  -1.5438E+08     0.0000E+00   0.0000E+00   0.0000E+00
                      HYDROSTATIC                0.0000E+00   0.0000E+00   1.5515E+08    -1.4357E+07   1.4849E+07   0.0000E+00
                      MORISON DRAG               0.0000E+00   0.0000E+00   0.0000E+00     0.0000E+00   0.0000E+00   0.0000E+00
                      SLENDER BODY               0.0000E+00   0.0000E+00   0.0000E+00     0.0000E+00   0.0000E+00   0.0000E+00
                      CURRENT DRAG               0.0000E+00   0.0000E+00   0.0000E+00     0.0000E+00   0.0000E+00   0.0000E+00
                      WIND                       1.7763E+06   1.9856E+05   0.0000E+00     0.0000E+00   0.0000E+00   0.0000E+00
                      DRIFT                      0.0000E+00   0.0000E+00   0.0000E+00     0.0000E+00   0.0000E+00   0.0000E+00
                      MOORING                   -1.7776E+06  -1.9394E+05  -7.7587E+05     1.4367E+07  -1.4847E+07   4.0506E+05
                      THRUSTER                   0.0000E+00   0.0000E+00   0.0000E+00     0.0000E+00   0.0000E+00   0.0000E+00
                      EXTERNAL FORCE             0.0000E+00   0.0000E+00   0.0000E+00     0.0000E+00   0.0000E+00   0.0000E+00
                      TOTAL REACTION FORCE       0.0000E+00   0.0000E+00   0.0000E+00     0.0000E+00   0.0000E+00   0.0000E+00
                      TOTAL FORCE               -1.2489E+03   4.6255E+03  -5.9200E+02     1.0226E+04   1.5570E+03   4.0506E+05
                      ERROR PER TIMESTEP        -3.9650E+00  -1.5284E+01  -1.2937E-01     3.8010E-01   9.6515E-02   1.6094E-01


                      FORCE LINE        1       -5.9948E+05  -2.9592E+05  -2.7120E+05   TEN 7.2146E+05 AL  2.71E+05 LL**********
                      FORCE LINE        2       -4.7152E+05  -1.5984E+05  -1.8981E+05   TEN 5.3283E+05 AL  1.90E+05 LL-85659.883
                      FORCE LINE        3       -1.7200E+01  -7.1006E+00  -2.5380E+01   TEN 3.1471E+01 AL  6.41E+00 LL    -2.895
                      FORCE LINE        4        0.0000E+00   0.0000E+00  -1.1569E+01   TEN 1.1569E+01 AL  0.00E+00 LL     4.238
                      FORCE LINE        5       -2.8839E+05   2.7677E+04  -1.0531E+05   TEN 3.0826E+05 AL  1.05E+05 LL-47515.836
                      FORCE LINE        6        0.0000E+00   0.0000E+00  -2.9674E+00   TEN 2.9674E+00 AL  0.00E+00 LL     8.141
                      FORCE LINE        7        0.0000E+00   0.0000E+00  -1.1606E+01   TEN 1.1606E+01 AL  0.00E+00 LL     4.051
                      FORCE LINE        8       -4.1796E+05   1.4921E+05  -1.5139E+05   TEN 4.6890E+05 AL  1.51E+05 LL-68317.141
                      FORCE LINE        9        3.8470E+00   1.6160E+01  -2.2310E+01   TEN 2.7815E+01 AL  1.20E+00 LL    -0.540
                      FORCE LINE       10       -2.0222E+02   8.4935E+04  -5.8081E+04   TEN 1.0289E+05 AL  5.81E+04 LL-26205.893

 *** ANALYSIS WARNING *** X RANGE BELOW MINIMUM FOR MOORING LINE NUMBER   4 ON 2D LOAD/EXT DATABASE  4

 *** ANALYSIS WARNING *** X RANGE BELOW MINIMUM FOR MOORING LINE NUMBER   6 ON 2D LOAD/EXT DATABASE  6

 *** ANALYSIS WARNING *** X RANGE BELOW MINIMUM FOR MOORING LINE NUMBER   7 ON 2D LOAD/EXT DATABASE  7

 *** ANALYSIS WARNING *** STIFFNESS ASYMMETRY GREATER THAN 10 PER CENT FOR LINE NUMBER   9 ON 2D LOAD/EXT DATABASE  9
 
 
 
1
 JOB TITLE-O ENVIRO LIBR                                               
 -----------------------------------------------------------------------------------------------------------------------------
                                                                   D E G R E E   O F   F R E E D O M 
             STRUCTURE    POSITION,FORCES     
              NUMBER      AND MOMENTS AT              X            Y            Z             RX            RY            RZ

   ITER NO.              CENTRE OF GRAVITY         SURGE         SWAY        HEAVE           ROLL        PITCH          YAW

 -----------------------------------------------------------------------------------------------------------------------------
         9      1     POSITION                    61.9142      -7.7861       4.2829         0.1626      -0.0320      -7.1599
                      GRAVITY                    0.0000E+00   0.0000E+00  -1.5438E+08     0.0000E+00   0.0000E+00   0.0000E+00
                      HYDROSTATIC                0.0000E+00   0.0000E+00   1.5515E+08    -1.4357E+07   1.4849E+07   0.0000E+00
                      MORISON DRAG               0.0000E+00   0.0000E+00   0.0000E+00     0.0000E+00   0.0000E+00   0.0000E+00
                      SLENDER BODY               0.0000E+00   0.0000E+00   0.0000E+00     0.0000E+00   0.0000E+00   0.0000E+00
                      CURRENT DRAG               0.0000E+00   0.0000E+00   0.0000E+00     0.0000E+00   0.0000E+00   0.0000E+00
                      WIND                       1.7763E+06   1.9856E+05   0.0000E+00     0.0000E+00   0.0000E+00   0.0000E+00
                      DRIFT                      0.0000E+00   0.0000E+00   0.0000E+00     0.0000E+00   0.0000E+00   0.0000E+00
                      MOORING                   -1.7776E+06  -1.9394E+05  -7.7587E+05     1.4367E+07  -1.4847E+07   4.0506E+05
                      THRUSTER                   0.0000E+00   0.0000E+00   0.0000E+00     0.0000E+00   0.0000E+00   0.0000E+00
                      EXTERNAL FORCE             0.0000E+00   0.0000E+00   0.0000E+00     0.0000E+00   0.0000E+00   0.0000E+00
                      TOTAL REACTION FORCE       0.0000E+00   0.0000E+00   0.0000E+00     0.0000E+00   0.0000E+00   0.0000E+00
                      TOTAL FORCE               -1.2489E+03   4.6255E+03  -5.9200E+02     1.0226E+04   1.5570E+03   4.0506E+05
                      ERROR PER TIMESTEP        -2.1617E-01   6.8533E-02   4.1801E-03    -1.3760E-02  -1.9668E-03   1.3658E-01


                      FORCE LINE        1       -5.9948E+05  -2.9592E+05  -2.7120E+05   TEN 7.2146E+05 AL  2.71E+05 LL**********
                      FORCE LINE        2       -4.7152E+05  -1.5984E+05  -1.8981E+05   TEN 5.3283E+05 AL  1.90E+05 LL-85659.883
                      FORCE LINE        3       -1.7200E+01  -7.1006E+00  -2.5380E+01   TEN 3.1471E+01 AL  6.41E+00 LL    -2.895
                      FORCE LINE        4        0.0000E+00   0.0000E+00  -1.1569E+01   TEN 1.1569E+01 AL  0.00E+00 LL     4.238
                      FORCE LINE        5       -2.8839E+05   2.7677E+04  -1.0531E+05   TEN 3.0826E+05 AL  1.05E+05 LL-47515.836
                      FORCE LINE        6        0.0000E+00   0.0000E+00  -2.9674E+00   TEN 2.9674E+00 AL  0.00E+00 LL     8.141
                      FORCE LINE        7        0.0000E+00   0.0000E+00  -1.1606E+01   TEN 1.1606E+01 AL  0.00E+00 LL     4.051
                      FORCE LINE        8       -4.1796E+05   1.4921E+05  -1.5139E+05   TEN 4.6890E+05 AL  1.51E+05 LL-68317.141
                      FORCE LINE        9        3.8470E+00   1.6160E+01  -2.2310E+01   TEN 2.7815E+01 AL  1.20E+00 LL    -0.540
                      FORCE LINE       10       -2.0222E+02   8.4935E+04  -5.8081E+04   TEN 1.0289E+05 AL  5.81E+04 LL-26205.893

 *** ANALYSIS WARNING *** X RANGE BELOW MINIMUM FOR MOORING LINE NUMBER   4 ON 2D LOAD/EXT DATABASE  4

 *** ANALYSIS WARNING *** X RANGE BELOW MINIMUM FOR MOORING LINE NUMBER   6 ON 2D LOAD/EXT DATABASE  6

 *** ANALYSIS WARNING *** X RANGE BELOW MINIMUM FOR MOORING LINE NUMBER   7 ON 2D LOAD/EXT DATABASE  7

 *** ANALYSIS WARNING *** STIFFNESS ASYMMETRY GREATER THAN 10 PER CENT FOR LINE NUMBER   9 ON 2D LOAD/EXT DATABASE  9
1
                      * * * * S M A L L   D I S P L A C E M E N T   S T A T I C   S T A B I L I T Y * * * * 
                              - - - - -   - - - - - - - - - - - -   - - - - - -   - - - - - - - - - 

                         SPECTRAL GROUP NO.   1       HAWSER COMBINATION   1       (NO. OF HAWSERS =  10)


                            PRINCIPAL COORD.    LOAD PER UNIT DISPLACEMENT               STABILITY
                                                IN THE PRINCIPAL COORD.
                            ----------------    --------------------------               ---------

                                  1                   8.523E+05                           STABLE   

                                  2                   4.079E+05                           STABLE   

                                  3                   4.596E+07                           STABLE   

                                  4                   5.921E+09                           STABLE   

                                  5                   4.438E+10                           STABLE   

                                  6                   1.240E+09                           STABLE   
1

                    * * * * H Y D R O S T A T I C S   O F   S T R U C T U R E    1   A T   E Q U I L I B R I U M * * * * 
                            - - - - - - - - - - - -   - -   - - - - - - - - -   ---  - -   - - - - - - - - - - - 

                              SPECTRAL GROUP NO.   1          MOORING COMBINATION   1          (NO. OF CABLES =  10)


                                                 EQUILIBRIUM POSITION WITH RESPECT TO FRA
                                                 ----------------------------------------

                    CENTRE OF GRAVITY                      ORIENTATION(DEGREES)              DIRECTION COSINES OF BODY AXES
                   --------------------                    --------------------           -------------------------------------

                    X   =        61.914                    RX   =         0.163           X-AXIS      0.992    -0.125     0.001

                    Y   =        -7.786                    RY   =        -0.032           Y-AXIS      0.125     0.992     0.003

                    Z   =         4.283                    RZ   =        -7.160           Z-AXIS     -0.001    -0.003     1.000

 *** ANALYSIS WARNING *** X RANGE BELOW MINIMUM FOR MOORING LINE NUMBER   4 ON 2D LOAD/EXT DATABASE  4

 *** ANALYSIS WARNING *** X RANGE BELOW MINIMUM FOR MOORING LINE NUMBER   6 ON 2D LOAD/EXT DATABASE  6

 *** ANALYSIS WARNING *** X RANGE BELOW MINIMUM FOR MOORING LINE NUMBER   7 ON 2D LOAD/EXT DATABASE  7

 *** ANALYSIS WARNING *** STIFFNESS ASYMMETRY GREATER THAN 10 PER CENT FOR LINE NUMBER   9 ON 2D LOAD/EXT DATABASE  9
1
                  * * * * M O O R I N G   S T I F F N E S S   F O R   S T R U C T U R E   1 * * * *
                          - - - - - - - - - - - - - - - - - - - - - - - - - - - - - - - 



                    SPECTRAL GROUP NUMBER  1     MOORING COMBINATION  1     (NUMBER OF LINES= 10)


                       X            Y             Z            RX            RY            RZ
                   ---------------------------------------------------------------------------------

            X      9.0459E+05    7.1051E+04    3.0238E+05   -5.5910E+06    5.6909E+06    7.0552E+06

            Y      7.1051E+04    5.0774E+05   -1.6230E+05    4.1801E+06    1.3724E+07    9.3443E+06

            Z      3.0028E+05   -1.4423E+05    4.0918E+05   -8.4952E+06   -2.0461E+06   -9.0273E+06

           RX     -5.5910E+06    4.1801E+06   -8.4952E+06    1.8638E+08    1.0400E+08    2.1978E+08

           RY      5.6909E+06    1.3724E+07   -2.0461E+06    1.0353E+08    8.9652E+08    4.5313E+08

           RZ      7.0552E+06    9.3443E+06   -9.0273E+06    2.1023E+08    4.1883E+08    1.2512E+09
1
               * * * * M O O R I N G   F O R C E S   A N D   S T I F F N E S S   F O R   S T R U C T U R E   1 * * * *
                       - - - - - - - - - - - - - - - - - - - - - - - - - - - - - - - - - - - - - - - - - - - - 


                SPECTRAL GROUP NUMBER  1     MOORING COMBINATION  1     (NUMBER OF LINES= 10)     NOTE - STRUCTURE 0 IS FIXED

  LINE  TYPE LENGTH  RANGE-  NODE  TENSION   FORCE X  POSN X  AT    NODE  TENSION   FORCE X  POSN X             STIFFNESS      
                     LENGTH      VERT ANGLE        Y       Y  STRUC     VERT ANGLE        Y       Y       X         Y         Z
                                                   Z       Z    Z-OFFSET  LAID LN         Z       Z
 ----------------------------------------------------------------------------------------------------------------------------------

    1   COMP   11.53    2.3097002 7.21E+05 -5.99E+05     8.42   0  96001 7.21E+05  5.99E+05    -3.07   2.32E+05  8.89E+04  8.21E+04
                                      22.1 -2.96E+05   -21.51              -22.08  2.96E+05   -27.18   8.89E+04  9.61E+04  4.05E+04
                                           -2.71E+05     5.20       0.00*********  2.71E+05     0.00   8.23E+04  4.06E+04  9.01E+04

    2   COMP   12.74    1.8897003 5.33E+05 -4.72E+05    20.82   0  96002 5.33E+05  4.72E+05     7.89   2.30E+05  6.55E+04  7.86E+04
                                      20.9 -1.60E+05   -23.07              -20.87  1.60E+05   -27.45   6.55E+04  5.87E+04  2.66E+04
                                           -1.90E+05     5.20       0.00-85659.88  1.90E+05     0.00   7.83E+04  2.66E+04  6.88E+04

    3   COMP    8.56   -1.7197004 3.15E+01 -1.72E+01    40.67   0  96003 1.97E+01  1.72E+01    36.57   3.41E+01  1.23E+01  3.41E+01
                                      53.8 -7.10E+00   -25.56              -19.02  7.10E+00   -27.25   1.23E+01  9.29E+00  1.41E+01
                                           -2.54E+01     5.21       0.00    -2.90  6.41E+00     0.00   2.72E+01  1.12E+01  3.50E+01

    4   COMP    9.46   -4.1997005 1.16E+01  0.00E+00    53.07   0  96004 0.00E+00  0.00E+00    53.62   0.00E+00  0.00E+00  0.00E+00
                                      90.0  0.00E+00   -27.12                0.00  0.00E+00   -27.61   0.00E+00  0.00E+00  0.00E+00
                                           -1.16E+01     5.22       0.00     4.24  0.00E+00     0.00   0.00E+00  0.00E+00  2.22E+00

    5   COMP   14.12    1.2097006 3.08E+05 -2.88E+05    67.95   0  96004 3.08E+05  2.88E+05    53.62   2.26E+05 -1.98E+04  7.63E+04
                                      20.0  2.77E+04   -28.99              -19.97 -2.77E+04   -27.61  -1.98E+04  2.20E+04 -7.33E+03
                                           -1.05E+05     5.23       0.00-47515.84  1.05E+05     0.00   7.50E+04 -7.20E+03  4.90E+04

    6   COMP    9.48   -3.9597006 2.97E+00  0.00E+00    67.95   0  96005 0.00E+00  0.00E+00    68.93   0.00E+00  0.00E+00  0.00E+00
                                      90.0  0.00E+00   -28.99                0.00  0.00E+00   -27.47   0.00E+00  0.00E+00  0.00E+00
                                           -2.97E+00     5.23       0.00     8.14  0.00E+00     0.00   0.00E+00  0.00E+00  5.67E-01

    7   COMP    9.29   -3.0897007 1.16E+01  0.00E+00    82.84   0  96006 0.00E+00  0.00E+00    83.25   0.00E+00  0.00E+00  0.00E+00
                                      90.0  0.00E+00   -30.86                0.00  0.00E+00   -27.55   0.00E+00  0.00E+00  0.00E+00
                                           -1.16E+01     5.24       0.00     4.05  0.00E+00     0.00   0.00E+00  0.00E+00  2.22E+00

    8   COMP   14.41    1.8797008 4.69E+05 -4.18E+05    97.76   0  96006 4.69E+05  4.18E+05    83.25   2.05E+05 -6.30E+04  6.48E+04
                                      18.8  1.49E+05   -32.73              -18.83 -1.49E+05   -27.55  -6.30E+04  5.13E+04 -2.31E+04
                                           -1.51E+05     5.25       0.00-68317.14  1.51E+05     0.00   6.42E+04 -2.29E+04  5.33E+04

    9   COMP    9.53   -2.0397008 2.78E+01  3.85E+00    97.76   0  96007 1.67E+01 -3.85E+00    99.00   4.81E+00  7.16E+00 -7.72E+00
                                      53.3  1.62E+01   -32.73               -4.12 -1.62E+01   -27.52   7.16E+00  3.32E+01 -3.24E+01
                                           -2.23E+01     5.25       0.00    -0.54  1.20E+00     0.00  -5.25E+00 -2.21E+01  2.80E+01

   10   COMP    9.02    0.2697009 1.03E+05 -2.02E+02   114.50   0  96008 1.03E+05  2.02E+02   114.48   1.11E+04 -6.39E+02  4.74E+02
                                      34.4  8.49E+04   -34.83              -34.36 -8.49E+04   -27.19  -6.39E+02  2.80E+05 -1.99E+05
                                           -5.81E+04     5.26       0.00-26205.89  5.81E+04     0.00   4.32E+02 -1.81E+05  1.48E+05


 ----------------------------------------
 FINISH DATE:31/05/24       TIME:10:01:37    
 Total elapsed time (Seconds): 0.92        
 ----------------------------------------
