 *********1*********2*********3*********4*********5*********6*********7*********8
 *2345678901234567890123456789012345678901234567890123456789012345678901234567890
 ********************************************************************************
 ******************* File generated by Aqwa in Workbench 2022 R2 ****************
 ********************************************************************************
 * Project Title                   :
 * Project Reference               :
 * Project Author                  :
 * Project Description             :
 * Date of Creation                : 4/25/2024 10:18:57 PM
 * Last Modified                   : 5/18/2024 4:46:33 PM
 * This analysis file written at   : 5/18/2024 4:46:45 PM
 * Hydrodynamic Solver Unit System : Metric: kg, m [N]
 ********************************************************************************
 *********************************** DECK  0 ************************************
 ********************************************************************************

 DATE:30/05/24      TIME:21:06:58    

 JOB AQWA  LIBR  STAT

 TITLE                                                                                                                                                                                                                                                                               

 NUM_CORES         1                                                                                                                                                                                                                                                                 

 OPTIONS REST LSTF PBIS NODL GOON                                                                                                                                                                                                                                                    

 OPTIONS CQTF AQTF END                                                                                                                                                                                                                                                               

 RESTART  4  5        AD010_FST2_L015_HYD                                                                                                                                                                                                                                            
 **** INFORMATION **** AD010_FST2_L015_NOLD.RES copied from AD010_FST2_L015_HYD.RES


 Aqwa-Librium - 2022 R2                64BIT VERSION 2022 R2         
 License Name: AQWA Solve
 License Type: Commercial

                                                                                 
 Point Releases and Patches installed:                                           
                                                                                 
 ANSYS, Inc. License Manager 2022 R2                                             
 Autodyn 2022 R2                                                                 
 SpaceClaim 2022 R2                                                              
 Aqwa 2022 R2                                                                    
 Customization Files for User Programmable Features 2022 R2                      
 Mechanical Products 2022 R2                                                     
 Remote Solve Manager Standalone Services 2022 R2                                
 Viewer 2022 R2                                                                  
 ACIS Geometry Interface 2022 R2                                                 
 AutoCAD Geometry Interface 2022 R2                                              
 Catia, Version 4 Geometry Interface 2022 R2                                     
 Catia, Version 5 Geometry Interface 2022 R2                                     
 Catia, Version 6 Geometry Interface 2022 R2                                     
 Creo Elements/Direct Modeling Geometry Interface 2022 R2                        
 Creo Parametric Geometry Interface 2022 R2                                      
 Inventor Geometry Interface 2022 R2                                             
 JTOpen Geometry Interface 2022 R2                                               
 NX Geometry Interface 2022 R2                                                   
 Parasolid Geometry Interface  2022 R2                                           
 Solid Edge Geometry Interface 2022 R2                                           
 SOLIDWORKS Geometry Interface 2022 R2                                           









                                          ***************************************************************
                                          *            Ansys(R) Aqwa(TM) 2022 R2 LEGAL NOTICES          *
                                          ***************************************************************
                                          *                                                             *
                                          * COPYRIGHT AND TRADEMARK INFORMATION                         *
                                          *                                                             *
                                          * Copyright 2022 ANSYS, Inc. All rights reserved.             *
                                          * Unauthorized use, distribution or duplication is prohibited.*
                                          *                                                             *
                                          * See the Aqwa manuals for the complete Legal Notice.         *
                                          *                                                             *
                                          ***************************************************************



            JOB TITLE :                                                                                 
            JOB HASH:                                         
1
 *********************************** DECK  9 ************************************

     DECK  9.1
     ---------

 *********************************** DECK 10 ************************************
 ********************************************************************************
 ********************************************************************************

     DECK 10.1
     ---------

 ********************************************************************************
 ********************************************************************************
 ********************************************************************************
 ********************************************************************************
 *********************************** DECK 11 ************************************
 ********************************************************************************

     DECK 11
     -------

 *********************************** DECK 12 ************************************
 ********************************************************************************

     DECK 12
     -------

 ********************************************************************************
 *********************************** DECK 13 ************************************
 ********************************************************************************

     DECK 13
     -------

 *********************************** DECK 14 ************************************
 ********************************************************************************

     DECK 14
     -------

 *********************************** DECK 15 ************************************
 ********************************************************************************

     DECK 15
     -------

 ********************************************************************************
 *********************************** DECK 16 ************************************
 ********************************************************************************

     DECK 16
     -------

       MXNI    0  500     0.000     0.000     0.000     0.000     0.000     0.000
 END                                                                                                                                                                                                                                                                                
 ********************************************************************************
 *********************************** DECK 17 ************************************
 ********************************************************************************

     DECK 17
     -------

 ********************************************************************************
 *********************************** DECK 18 ************************************
 ********************************************************************************

     DECK 18
     -------

       PRNT
           *****                                                                 
 **** INPUT DATA INFO   :LINE 63 STRUCTURE NUMBER NOT DEFINED. RESULTS WILL BE OUTPUT FOR ALL STRUCTURES.
       ALLM
       PMST
       PTEN
           *****                                                                 
 **** INPUT DATA INFO   :LINE 66 STRUCTURE NUMBER NOT DEFINED. MOORING TENSIONS WILL BE OUTPUT FOR ALL STRUCTURES.
       GREV    1
 END                                                                                                                                                                                                                                                                                
1
                           * * * * I T E R A T I O N   L I M I T S * * * *
                                   - - - - - - - - - - - - - - - - 



                               MAXIMUM NUMBER OF ITERATIONS . . .  500


          STRUCTURE                                   TRANSLATION                ROTATION(DEGREES)
           NUMBER                                X         Y         Z        RX        RY        RZ
          --------------------------------------------------------------------------------------------

              1     MAXIMUM MOVEMENT            2.00      2.00      0.50      0.57      0.57      1.43
                    FOR ONE ITERATION     

                    MAXIMUM ERROR IN FINAL    0.0200    0.0200    0.0200    0.0573    0.0573    0.1432
                    EQUILIBRIUM POSITION  

          --------------------------------------------------------------------------------------------
1
                              * * * * E Q U I L I B R I U M   S O L U T I O N * * * *
                                      - - - - - - - - - - - - - - - - - - - - 
                              (MOORING CONFIGURATION # 1 - SPECTRUM CONFIGURATION # 1)
 
 
 
1
 JOB TITLE-                                                            
 -----------------------------------------------------------------------------------------------------------------------------
                                                                   D E G R E E   O F   F R E E D O M 
             STRUCTURE    POSITION,FORCES     
              NUMBER      AND MOMENTS AT              X            Y            Z             RX            RY            RZ

   ITER NO.              CENTRE OF GRAVITY         SURGE         SWAY        HEAVE           ROLL        PITCH          YAW




         1      1     POSITION                     107.8000       0.0800      12.7500         0.0000       0.0000       0.0000
                      GRAVITY                    0.0000E+00   0.0000E+00  -4.0047E+08     0.0000E+00   0.0000E+00   0.0000E+00
                      HYDROSTATIC                0.0000E+00   0.0000E+00   3.8782E+08    -3.4236E+07   4.3741E+09   0.0000E+00
                      MORISON DRAG               0.0000E+00   0.0000E+00   0.0000E+00     0.0000E+00   0.0000E+00   0.0000E+00
                      SLENDER BODY               0.0000E+00   0.0000E+00   0.0000E+00     0.0000E+00   0.0000E+00   0.0000E+00
                      CURRENT DRAG               0.0000E+00   0.0000E+00   0.0000E+00     0.0000E+00   0.0000E+00   0.0000E+00
                      WIND                       0.0000E+00   0.0000E+00   0.0000E+00     0.0000E+00   0.0000E+00   0.0000E+00
                      DRIFT                      0.0000E+00   0.0000E+00   0.0000E+00     0.0000E+00   0.0000E+00   0.0000E+00
                      MOORING                    0.0000E+00   0.0000E+00   0.0000E+00     0.0000E+00   0.0000E+00   0.0000E+00
                      THRUSTER                   0.0000E+00   0.0000E+00   0.0000E+00     0.0000E+00   0.0000E+00   0.0000E+00
                      EXTERNAL FORCE             0.0000E+00   0.0000E+00   0.0000E+00     0.0000E+00   0.0000E+00   0.0000E+00
                      TOTAL REACTION FORCE       0.0000E+00   0.0000E+00   0.0000E+00     0.0000E+00   0.0000E+00   0.0000E+00
                      TOTAL FORCE                0.0000E+00   0.0000E+00  -1.2648E+07    -3.4236E+07   4.3741E+09   0.0000E+00
                      ERROR PER TIMESTEP         0.0000E+00   0.0000E+00   0.0000E+00     0.0000E+00   0.0000E+00   0.0000E+00
 
 
 
         2      1     POSITION                     107.8000       0.0800      12.5741        -0.2011       0.5730      -0.0010
                      GRAVITY                    0.0000E+00   0.0000E+00  -4.0047E+08     0.0000E+00   0.0000E+00   0.0000E+00
                      HYDROSTATIC                0.0000E+00   0.0000E+00   3.9444E+08    -1.6281E+07   2.0849E+09   0.0000E+00
                      MORISON DRAG               0.0000E+00   0.0000E+00   0.0000E+00     0.0000E+00   0.0000E+00   0.0000E+00
                      SLENDER BODY               0.0000E+00   0.0000E+00   0.0000E+00     0.0000E+00   0.0000E+00   0.0000E+00
                      CURRENT DRAG               0.0000E+00   0.0000E+00   0.0000E+00     0.0000E+00   0.0000E+00   0.0000E+00
                      WIND                       0.0000E+00   0.0000E+00   0.0000E+00     0.0000E+00   0.0000E+00   0.0000E+00
                      DRIFT                      0.0000E+00   0.0000E+00   0.0000E+00     0.0000E+00   0.0000E+00   0.0000E+00
                      MOORING                    0.0000E+00   0.0000E+00   0.0000E+00     0.0000E+00   0.0000E+00   0.0000E+00
                      THRUSTER                   0.0000E+00   0.0000E+00   0.0000E+00     0.0000E+00   0.0000E+00   0.0000E+00
                      EXTERNAL FORCE             0.0000E+00   0.0000E+00   0.0000E+00     0.0000E+00   0.0000E+00   0.0000E+00
                      TOTAL REACTION FORCE       0.0000E+00   0.0000E+00   0.0000E+00     0.0000E+00   0.0000E+00   0.0000E+00
                      TOTAL FORCE                0.0000E+00   0.0000E+00  -6.0286E+06    -1.6281E+07   2.0849E+09   0.0000E+00
                      ERROR PER TIMESTEP         0.0000E+00   0.0000E+00  -1.6801E+01    -6.7046E+00   1.9107E+01   0.0000E+00
 
 
 
1
 JOB TITLE-                                                            
 -----------------------------------------------------------------------------------------------------------------------------
                                                                   D E G R E E   O F   F R E E D O M 
             STRUCTURE    POSITION,FORCES     
              NUMBER      AND MOMENTS AT              X            Y            Z             RX            RY            RZ

   ITER NO.              CENTRE OF GRAVITY         SURGE         SWAY        HEAVE           ROLL        PITCH          YAW




         3      1     POSITION                     107.8000       0.0800      12.4140        -0.3842       1.0948      -0.0037
                      GRAVITY                    0.0000E+00   0.0000E+00  -4.0047E+08     0.0000E+00   0.0000E+00   0.0000E+00
                      HYDROSTATIC                0.0000E+00   0.0000E+00   4.0047E+08     2.8331E+03   1.6896E+04   0.0000E+00
                      MORISON DRAG               0.0000E+00   0.0000E+00   0.0000E+00     0.0000E+00   0.0000E+00   0.0000E+00
                      SLENDER BODY               0.0000E+00   0.0000E+00   0.0000E+00     0.0000E+00   0.0000E+00   0.0000E+00
                      CURRENT DRAG               0.0000E+00   0.0000E+00   0.0000E+00     0.0000E+00   0.0000E+00   0.0000E+00
                      WIND                       0.0000E+00   0.0000E+00   0.0000E+00     0.0000E+00   0.0000E+00   0.0000E+00
                      DRIFT                      0.0000E+00   0.0000E+00   0.0000E+00     0.0000E+00   0.0000E+00   0.0000E+00
                      MOORING                    0.0000E+00   0.0000E+00   0.0000E+00     0.0000E+00   0.0000E+00   0.0000E+00
                      THRUSTER                   0.0000E+00   0.0000E+00   0.0000E+00     0.0000E+00   0.0000E+00   0.0000E+00
                      EXTERNAL FORCE             0.0000E+00   0.0000E+00   0.0000E+00     0.0000E+00   0.0000E+00   0.0000E+00
                      TOTAL REACTION FORCE       0.0000E+00   0.0000E+00   0.0000E+00     0.0000E+00   0.0000E+00   0.0000E+00
                      TOTAL FORCE                0.0000E+00   0.0000E+00   6.4000E+01     2.8331E+03   1.6896E+04   0.0000E+00
                      ERROR PER TIMESTEP         0.0000E+00   0.0000E+00  -8.0079E+00    -3.1954E+00   9.1073E+00   0.0000E+00
 
 
 
         4      1     POSITION                     107.8000       0.0800      12.4140        -0.3842       1.0948      -0.0037
                      GRAVITY                    0.0000E+00   0.0000E+00  -4.0047E+08     0.0000E+00   0.0000E+00   0.0000E+00
                      HYDROSTATIC                0.0000E+00   0.0000E+00   4.0047E+08     2.8331E+03   1.6896E+04   0.0000E+00
                      MORISON DRAG               0.0000E+00   0.0000E+00   0.0000E+00     0.0000E+00   0.0000E+00   0.0000E+00
                      SLENDER BODY               0.0000E+00   0.0000E+00   0.0000E+00     0.0000E+00   0.0000E+00   0.0000E+00
                      CURRENT DRAG               0.0000E+00   0.0000E+00   0.0000E+00     0.0000E+00   0.0000E+00   0.0000E+00
                      WIND                       0.0000E+00   0.0000E+00   0.0000E+00     0.0000E+00   0.0000E+00   0.0000E+00
                      DRIFT                      0.0000E+00   0.0000E+00   0.0000E+00     0.0000E+00   0.0000E+00   0.0000E+00
                      MOORING                    0.0000E+00   0.0000E+00   0.0000E+00     0.0000E+00   0.0000E+00   0.0000E+00
                      THRUSTER                   0.0000E+00   0.0000E+00   0.0000E+00     0.0000E+00   0.0000E+00   0.0000E+00
                      EXTERNAL FORCE             0.0000E+00   0.0000E+00   0.0000E+00     0.0000E+00   0.0000E+00   0.0000E+00
                      TOTAL REACTION FORCE       0.0000E+00   0.0000E+00   0.0000E+00     0.0000E+00   0.0000E+00   0.0000E+00
                      TOTAL FORCE                0.0000E+00   0.0000E+00   6.4000E+01     2.8331E+03   1.6896E+04   0.0000E+00
                      ERROR PER TIMESTEP         0.0000E+00   0.0000E+00   9.4873E-06     5.3966E-04   6.9287E-05   0.0000E+00
1

          * * * * WARNING, D.O.F. NUMBER   1 HAS NO STIFFNESS * * * * 

          * * * * WARNING, D.O.F. NUMBER   2 HAS NO STIFFNESS * * * * 

          * * * * WARNING, D.O.F. NUMBER   6 HAS NO STIFFNESS * * * * 
1
                      * * * * S M A L L   D I S P L A C E M E N T   S T A T I C   S T A B I L I T Y * * * * 
                              - - - - -   - - - - - - - - - - - -   - - - - - -   - - - - - - - - - 

                         SPECTRAL GROUP NO.   1       HAWSER COMBINATION   1       (NO. OF HAWSERS =   0)


                            PRINCIPAL COORD.    LOAD PER UNIT DISPLACEMENT               STABILITY
                                                IN THE PRINCIPAL COORD.
                            ----------------    --------------------------               ---------

                                  1                           0                          *NEUTRAL* 

                                  2                           0                          *NEUTRAL* 

                                  3                   7.823E+07                           STABLE   

                                  4                   5.258E+09                           STABLE   

                                  5                   2.421E+11                           STABLE   

                                  6                           0                          *NEUTRAL* 
1

                    * * * * H Y D R O S T A T I C S   O F   S T R U C T U R E    1   A T   E Q U I L I B R I U M * * * * 
                            - - - - - - - - - - - -   - -   - - - - - - - - -   ---  - -   - - - - - - - - - - - 

                              SPECTRAL GROUP NO.   1          MOORING COMBINATION   1          (NO. OF CABLES =   0)


                                                 EQUILIBRIUM POSITION WITH RESPECT TO FRA
                                                 ----------------------------------------

                    CENTRE OF GRAVITY                      ORIENTATION(DEGREES)              DIRECTION COSINES OF BODY AXES
                   --------------------                    --------------------           -------------------------------------

                    X   =       107.800                    RX   =        -0.384           X-AXIS      1.000    -0.000    -0.019

                    Y   =         0.080                    RY   =         1.095           Y-AXIS     -0.000     1.000    -0.007

                    Z   =        12.414                    RZ   =        -0.004           Z-AXIS      0.019     0.007     1.000


 ----------------------------------------
 FINISH DATE:30/05/24       TIME:21:06:59    
 Total elapsed time (Seconds): 0.49        
 ----------------------------------------
