 AQWAWAVE 18.1.0.0   (  ) 10:22 19-04-2024                                                                                 PAGE    1









 *********1*********2*********3*********4*********5*********6*********7*********8
 *2345678901234567890123456789012345678901234567890123456789012345678901234567890
 ********************************************************************************
 ********************* File generated by Aqwa in Workbench **********************
 ********************************************************************************
 * Project Title                   :
 * Project Reference               :
 * Project Author                  :
 * Project Description             :
 * Date of Creation                :
 * Last Modified                   :
 * This analysis file written at   :
 * Hydrodynamic Solver Unit System : Metric: kg, m [N]
 ********************************************************************************
 *********************************** DECK  0 ************************************
 ********************************************************************************
 JOB AQWA  LIBR  STAT                                                            
 *** ERROR *** INVALID JOB TYPE
 NUM_CORES         1                                                             
 *** ERROR *** KEYWORD NOT IN LIST
 NUM_CORES         1                                                             
 *** ERROR *** UNRECOGNIZED LINE IN PRELIMINARY DECK

 AQWAWAVE 18.1.0.0   (  ) 10:22 19-04-2024                                                                                   
 **** JOB TERMINATED WITH ERRORS
